TN:
SF:/home/jez/Programs/Development/PHP/Shadows/src/polyfills.ts
FNF:0
FNH:0
LF:0
LH:0
BRF:0
BRH:0
end_of_record
TN:
SF:/home/jez/Programs/Development/PHP/Shadows/src/test.ts
FNF:0
FNH:0
DA:13,1
DA:18,1
DA:20,1
LF:3
LH:3
BRF:0
BRH:0
end_of_record
TN:
SF:/home/jez/Programs/Development/PHP/Shadows/src/app/app-routing.module.ts
FN:22,(anonymous_0)
FNF:1
FNH:1
FNDA:2,(anonymous_0)
DA:8,1
DA:22,1
LF:2
LH:2
BRF:0
BRH:0
end_of_record
TN:
SF:/home/jez/Programs/Development/PHP/Shadows/src/app/app.component.ts
FN:8,(anonymous_0)
FN:3,AppComponent
FN:13,(anonymous_2)
FNF:3
FNH:2
FNDA:1,(anonymous_0)
FNDA:2,AppComponent
FNDA:0,(anonymous_2)
DA:8,1
DA:9,2
DA:10,2
DA:13,1
DA:14,1
LF:5
LH:5
BRF:0
BRH:0
end_of_record
TN:
SF:/home/jez/Programs/Development/PHP/Shadows/src/app/general-services/fetch-warrior-profile.service.ts
FN:9,(anonymous_0)
FN:15,FetchWarriorProfileService
FN:17,(anonymous_2)
FNF:3
FNH:3
FNDA:1,(anonymous_0)
FNDA:2,FetchWarriorProfileService
FNDA:1,(anonymous_2)
DA:9,1
DA:12,2
DA:13,2
DA:17,1
DA:18,1
DA:20,1
LF:6
LH:6
BRF:0
BRH:0
end_of_record
TN:
SF:/home/jez/Programs/Development/PHP/Shadows/src/app/general-services/mockWarrior.ts
FNF:0
FNH:0
DA:2,1
LF:1
LH:1
BRF:0
BRH:0
end_of_record
TN:
SF:/home/jez/Programs/Development/PHP/Shadows/src/app/in-game/components/footer/footer-main/footer-main.component.ts
FN:8,(anonymous_0)
FN:10,FooterMainComponent
FN:12,(anonymous_2)
FNF:3
FNH:3
FNDA:1,(anonymous_0)
FNDA:2,FooterMainComponent
FNDA:2,(anonymous_2)
DA:8,1
DA:12,1
DA:15,1
LF:3
LH:3
BRF:0
BRH:0
end_of_record
TN:
SF:/home/jez/Programs/Development/PHP/Shadows/src/app/in-game/components/header/header-menu/header-menu.component.ts
FN:8,(anonymous_0)
FN:10,HeaderMenuComponent
FN:12,(anonymous_2)
FNF:3
FNH:3
FNDA:1,(anonymous_0)
FNDA:2,HeaderMenuComponent
FNDA:2,(anonymous_2)
DA:8,1
DA:12,1
DA:15,1
LF:3
LH:3
BRF:0
BRH:0
end_of_record
TN:
SF:/home/jez/Programs/Development/PHP/Shadows/src/app/in-game/pages/equipment/equipment.component.ts
FN:8,(anonymous_0)
FN:10,EquipmentComponent
FN:12,(anonymous_2)
FNF:3
FNH:3
FNDA:1,(anonymous_0)
FNDA:1,EquipmentComponent
FNDA:1,(anonymous_2)
DA:8,1
DA:12,1
DA:15,1
LF:3
LH:3
BRF:0
BRH:0
end_of_record
TN:
SF:/home/jez/Programs/Development/PHP/Shadows/src/app/in-game/pages/homepage/homepage-main/game-main.component.ts
FN:12,(anonymous_0)
FN:14,GameMainComponent
FN:25,(anonymous_2)
FN:31,(anonymous_3)
FNF:4
FNH:4
FNDA:1,(anonymous_0)
FNDA:1,GameMainComponent
FNDA:1,(anonymous_2)
FNDA:1,(anonymous_3)
DA:12,1
DA:15,1
DA:25,1
DA:28,1
DA:31,1
DA:46,1
LF:6
LH:6
BRF:0
BRH:0
end_of_record
