TN:
SF:/home/jez/Programs/Development/PHP/Shophelper/src/polyfills.ts
FNF:0
FNH:0
LF:0
LH:0
BRF:0
BRH:0
end_of_record
TN:
SF:/home/jez/Programs/Development/PHP/Shophelper/src/test.ts
FNF:0
FNH:0
DA:13,1
DA:18,1
DA:20,1
LF:3
LH:3
BRF:0
BRH:0
end_of_record
TN:
SF:/home/jez/Programs/Development/PHP/Shophelper/src/app/app.component.ts
FN:10,AppComponent
FN:11,(anonymous_2)
FNF:2
FNH:2
FNDA:1,AppComponent
FNDA:1,(anonymous_2)
DA:9,1
DA:11,1
DA:12,1
LF:3
LH:3
BRF:0
BRH:0
end_of_record
TN:
SF:/home/jez/Programs/Development/PHP/Shophelper/src/app/chart/chart-main/chart-main.component.ts
FN:12,ChartMainComponent
FN:25,(anonymous_2)
FN:27,(anonymous_3)
FN:33,(anonymous_4)
FN:51,(anonymous_5)
FN:52,(anonymous_6)
FN:19,(anonymous_7)
FNF:7
FNH:7
FNDA:8,ChartMainComponent
FNDA:9,(anonymous_2)
FNDA:58,(anonymous_3)
FNDA:7,(anonymous_4)
FNDA:2,(anonymous_5)
FNDA:6,(anonymous_6)
FNDA:8,(anonymous_7)
DA:10,1
DA:16,8
DA:19,1
DA:20,8
DA:21,8
DA:25,8
DA:26,9
DA:27,9
DA:28,58
DA:30,9
DA:33,8
DA:35,7
DA:36,7
DA:39,1
DA:42,41
DA:46,6
DA:48,7
DA:51,8
DA:52,6
DA:53,2
DA:55,1
LF:21
LH:21
BRF:0
BRH:0
end_of_record
